2002.09.06 15:51 B c:\SU\CSE681\code\helpSession\ConsoleApplication1\App.ico --> ftp.ecs.syr.edu /faculty/fawcett/handouts/SWMod&Anal/code/helpSession/ConsoleApplication1 App.ico
2002.09.06 15:51 B c:\SU\CSE681\code\helpSession\ConsoleApplication1\AssemblyInfo.cs --> ftp.ecs.syr.edu /faculty/fawcett/handouts/SWMod&Anal/code/helpSession/ConsoleApplication1 AssemblyInfo.cs
2002.09.06 15:51 B c:\SU\CSE681\code\helpSession\ConsoleApplication1\ConsoleApplication1.csproj --> ftp.ecs.syr.edu /faculty/fawcett/handouts/SWMod&Anal/code/helpSession/ConsoleApplication1 ConsoleApplication1.csproj
2002.09.06 15:51 B c:\SU\CSE681\code\helpSession\ConsoleApplication1\ConsoleApplication1.csproj.user --> ftp.ecs.syr.edu /faculty/fawcett/handouts/SWMod&Anal/code/helpSession/ConsoleApplication1 ConsoleApplication1.csproj.user
2002.09.06 15:51 B c:\SU\CSE681\code\helpSession\ConsoleApplication1\ConsoleDemo.cs --> ftp.ecs.syr.edu /faculty/fawcett/handouts/SWMod&Anal/code/helpSession/ConsoleApplication1 ConsoleDemo.cs
2002.09.06 15:51 B c:\SU\CSE681\code\helpSession\ConsoleApplication1\DemoData.cs --> ftp.ecs.syr.edu /faculty/fawcett/handouts/SWMod&Anal/code/helpSession/ConsoleApplication1 DemoData.cs
2002.09.11 13:27 B c:\SU\CSE681\Lecture3 XML, WinForms\helpSession\ConsoleApplication1\App.ico --> ftp.ecs.syr.edu /faculty/fawcett/handouts/SWMod&Anal/Lecture3 XML, WinForms/helpSession/ConsoleApplication1 App.ico
2002.09.11 13:27 B c:\SU\CSE681\Lecture3 XML, WinForms\helpSession\ConsoleApplication1\AssemblyInfo.cs --> ftp.ecs.syr.edu /faculty/fawcett/handouts/SWMod&Anal/Lecture3 XML, WinForms/helpSession/ConsoleApplication1 AssemblyInfo.cs
2002.09.11 13:27 B c:\SU\CSE681\Lecture3 XML, WinForms\helpSession\ConsoleApplication1\ConsoleApplication1.csproj --> ftp.ecs.syr.edu /faculty/fawcett/handouts/SWMod&Anal/Lecture3 XML, WinForms/helpSession/ConsoleApplication1 ConsoleApplication1.csproj
2002.09.11 13:27 B c:\SU\CSE681\Lecture3 XML, WinForms\helpSession\ConsoleApplication1\ConsoleApplication1.csproj.user --> ftp.ecs.syr.edu /faculty/fawcett/handouts/SWMod&Anal/Lecture3 XML, WinForms/helpSession/ConsoleApplication1 ConsoleApplication1.csproj.user
2002.09.11 13:27 B c:\SU\CSE681\Lecture3 XML, WinForms\helpSession\ConsoleApplication1\ConsoleDemo.cs --> ftp.ecs.syr.edu /faculty/fawcett/handouts/SWMod&Anal/Lecture3 XML, WinForms/helpSession/ConsoleApplication1 ConsoleDemo.cs
2002.09.11 13:27 B c:\SU\CSE681\Lecture3 XML, WinForms\helpSession\ConsoleApplication1\DemoData.cs --> ftp.ecs.syr.edu /faculty/fawcett/handouts/SWMod&Anal/Lecture3 XML, WinForms/helpSession/ConsoleApplication1 DemoData.cs
2002.09.11 13:27 B c:\SU\CSE681\Lecture3 XML, WinForms\helpSession\ConsoleApplication1\WS_FTP.LOG --> ftp.ecs.syr.edu /faculty/fawcett/handouts/SWMod&Anal/Lecture3 XML, WinForms/helpSession/ConsoleApplication1 WS_FTP.LOG
2002.09.11 15:03 B c:\SU\CSE681\code\helpSession\ConsoleApplication1\ConsoleApplication1.csproj.user --> ftp.ecs.syr.edu /faculty/fawcett/handouts/SWMod&Anal/code/helpSession/ConsoleApplication1 ConsoleApplication1.csproj.user
2002.09.11 15:03 B c:\SU\CSE681\code\helpSession\ConsoleApplication1\ConsoleDemo.cs --> ftp.ecs.syr.edu /faculty/fawcett/handouts/SWMod&Anal/code/helpSession/ConsoleApplication1 ConsoleDemo.cs
2002.09.11 15:03 B c:\SU\CSE681\code\helpSession\ConsoleApplication1\DemoData.cs --> ftp.ecs.syr.edu /faculty/fawcett/handouts/SWMod&Anal/code/helpSession/ConsoleApplication1 DemoData.cs
2002.09.11 15:03 B c:\SU\CSE681\code\helpSession\ConsoleApplication1\WS_FTP.LOG --> ftp.ecs.syr.edu /faculty/fawcett/handouts/SWMod&Anal/code/helpSession/ConsoleApplication1 WS_FTP.LOG
2002.09.18 14:52 B c:\SU\CSE681\code\Collections\CollectionsDemo\App.ico --> ftp.ecs.syr.edu /faculty/fawcett/handouts/SWMod&Anal/Lecture4/code/Collections/CollectionsDemo App.ico
2002.09.18 14:52 B c:\SU\CSE681\code\Collections\CollectionsDemo\AssemblyInfo.cs --> ftp.ecs.syr.edu /faculty/fawcett/handouts/SWMod&Anal/Lecture4/code/Collections/CollectionsDemo AssemblyInfo.cs
2002.09.18 14:52 B c:\SU\CSE681\code\Collections\CollectionsDemo\Collections.csproj --> ftp.ecs.syr.edu /faculty/fawcett/handouts/SWMod&Anal/Lecture4/code/Collections/CollectionsDemo Collections.csproj
2002.09.18 14:52 B c:\SU\CSE681\code\Collections\CollectionsDemo\Collections.csproj.user --> ftp.ecs.syr.edu /faculty/fawcett/handouts/SWMod&Anal/Lecture4/code/Collections/CollectionsDemo Collections.csproj.user
2002.09.18 14:52 B c:\SU\CSE681\code\Collections\CollectionsDemo\CollectionsDemo.cs --> ftp.ecs.syr.edu /faculty/fawcett/handouts/SWMod&Anal/Lecture4/code/Collections/CollectionsDemo CollectionsDemo.cs
2002.09.18 14:52 B c:\SU\CSE681\code\Collections\CollectionsDemo\DemoData.cs --> ftp.ecs.syr.edu /faculty/fawcett/handouts/SWMod&Anal/Lecture4/code/Collections/CollectionsDemo DemoData.cs
2002.09.18 14:52 B c:\SU\CSE681\code\Collections\CollectionsDemo\WS_FTP.LOG --> ftp.ecs.syr.edu /faculty/fawcett/handouts/SWMod&Anal/Lecture4/code/Collections/CollectionsDemo WS_FTP.LOG
2002.09.18 15:02 B c:\SU\CSE681\code\Collections\CollectionsDemo\WS_FTP.LOG --> ftp.ecs.syr.edu /faculty/fawcett/handouts/SWMod&Anal/Lecture4/code/Collections/CollectionsDemo WS_FTP.LOG
2003.05.26 21:32 B C:\SU\CSE681\code\Collections\CollectionsDemo\Collections.csproj.user --> ftp.ecs.syr.edu /faculty/fawcett/handouts/CSE681/code/Collections/CollectionsDemo Collections.csproj.user
2003.05.26 21:32 B C:\SU\CSE681\code\Collections\CollectionsDemo\CollectionsDemo.cs --> ftp.ecs.syr.edu /faculty/fawcett/handouts/CSE681/code/Collections/CollectionsDemo CollectionsDemo.cs
2003.05.26 21:32 B C:\SU\CSE681\code\Collections\CollectionsDemo\DemoData.cs --> ftp.ecs.syr.edu /faculty/fawcett/handouts/CSE681/code/Collections/CollectionsDemo DemoData.cs
2003.05.26 21:32 B C:\SU\CSE681\code\Collections\CollectionsDemo\ff.cs --> ftp.ecs.syr.edu /faculty/fawcett/handouts/CSE681/code/Collections/CollectionsDemo ff.cs
2003.05.26 21:32 B C:\SU\CSE681\code\Collections\CollectionsDemo\run.dat --> ftp.ecs.syr.edu /faculty/fawcett/handouts/CSE681/code/Collections/CollectionsDemo run.dat
2003.05.26 21:32 B C:\SU\CSE681\code\Collections\CollectionsDemo\WS_FTP.LOG --> ftp.ecs.syr.edu /faculty/fawcett/handouts/CSE681/code/Collections/CollectionsDemo WS_FTP.LOG
2004.07.26 10:27 B C:\SU\CSE681\code\Collections\CollectionsDemo\App.ico --> ftp.ecs.syr.edu /faculty/fawcett/handouts/CoreTechnologies/C#/Collections/CollectionsDemo App.ico
2004.07.26 10:27 B C:\SU\CSE681\code\Collections\CollectionsDemo\AssemblyInfo.cs --> ftp.ecs.syr.edu /faculty/fawcett/handouts/CoreTechnologies/C#/Collections/CollectionsDemo AssemblyInfo.cs
2004.07.26 10:27 B C:\SU\CSE681\code\Collections\CollectionsDemo\Collections.csproj --> ftp.ecs.syr.edu /faculty/fawcett/handouts/CoreTechnologies/C#/Collections/CollectionsDemo Collections.csproj
2004.07.26 10:27 B C:\SU\CSE681\code\Collections\CollectionsDemo\Collections.csproj.user --> ftp.ecs.syr.edu /faculty/fawcett/handouts/CoreTechnologies/C#/Collections/CollectionsDemo Collections.csproj.user
2004.07.26 10:27 B C:\SU\CSE681\code\Collections\CollectionsDemo\CollectionsDemo.cs --> ftp.ecs.syr.edu /faculty/fawcett/handouts/CoreTechnologies/C#/Collections/CollectionsDemo CollectionsDemo.cs
2004.07.26 10:27 B C:\SU\CSE681\code\Collections\CollectionsDemo\DemoData.cs --> ftp.ecs.syr.edu /faculty/fawcett/handouts/CoreTechnologies/C#/Collections/CollectionsDemo DemoData.cs
2004.07.26 10:27 B C:\SU\CSE681\code\Collections\CollectionsDemo\ff.cs --> ftp.ecs.syr.edu /faculty/fawcett/handouts/CoreTechnologies/C#/Collections/CollectionsDemo ff.cs
2004.07.26 10:27 B C:\SU\CSE681\code\Collections\CollectionsDemo\run.dat --> ftp.ecs.syr.edu /faculty/fawcett/handouts/CoreTechnologies/C#/Collections/CollectionsDemo run.dat
2004.07.26 14:18 B C:\SU\CoreTechnologies\C#\Collections\CollectionsDemo\WS_FTP.LOG <-- SU /faculty/fawcett/handouts/CoreTechnologies/C#/Collections/CollectionsDemo WS_FTP.LOG
2004.09.06 10:47 B C:\SU\CoreTechnologies\C#\Collections\CollectionsDemo\WS_FTP.LOG --> ftp.ecs.syr.edu /faculty/fawcett/handouts/CoreTechnologies/C#/Collections/CollectionsDemo WS_FTP.LOG
2004.09.06 10:50 B C:\SU\CoreTechnologies\C#\Collections\CollectionsDemo\WS_FTP.LOG --> ftp.ecs.syr.edu /faculty/fawcett/handouts/CoreTechnologies/C#/Collections/CollectionsDemo WS_FTP.LOG
2004.09.06 15:08 B C:\SU\CSE681\code\Collections\CollectionsDemo\WS_FTP.LOG <-- SU /faculty/fawcett/handouts/CoreTechnologies/C#/Collections/CollectionsDemo WS_FTP.LOG
2006.06.04 10:53 B C:\SU\CoreTechnologies\CSharp\code\Collections\CollectionsDemo\WS_FTP.LOG <-- SU /faculty/fawcett/handouts/CSE681/code/Collections/CollectionsDemo WS_FTP.LOG
