2004.07.26 10:16 B C:\SU\CSE681\code\Conversions\obj\Debug\ConsoleApplication1.exe <-- SU /faculty/fawcett/handouts/CSE686/code/Conversions/obj/Debug ConsoleApplication1.exe
2004.07.26 10:16 B C:\SU\CSE681\code\Conversions\obj\Debug\ConsoleApplication1.exe.incr <-- SU /faculty/fawcett/handouts/CSE686/code/Conversions/obj/Debug ConsoleApplication1.exe.incr
2004.07.26 10:16 B C:\SU\CSE681\code\Conversions\obj\Debug\ConsoleApplication1.pdb <-- SU /faculty/fawcett/handouts/CSE686/code/Conversions/obj/Debug ConsoleApplication1.pdb
2004.07.26 10:16 B C:\SU\CSE681\code\Conversions\obj\Debug\ConsoleApplication1.projdata <-- SU /faculty/fawcett/handouts/CSE686/code/Conversions/obj/Debug ConsoleApplication1.projdata
2004.07.26 10:16 B C:\SU\CSE681\code\Conversions\obj\Debug\DemoConversions.projdata <-- SU /faculty/fawcett/handouts/CSE686/code/Conversions/obj/Debug DemoConversions.projdata
2004.07.26 10:16 B C:\SU\CSE681\code\Conversions\obj\Debug\ConsoleApplication1.exe --> ftp.ecs.syr.edu /faculty/fawcett/handouts/CSE681/code/Conversions/obj/Debug ConsoleApplication1.exe
2004.07.26 10:16 B C:\SU\CSE681\code\Conversions\obj\Debug\ConsoleApplication1.exe.incr --> ftp.ecs.syr.edu /faculty/fawcett/handouts/CSE681/code/Conversions/obj/Debug ConsoleApplication1.exe.incr
2004.07.26 10:16 B C:\SU\CSE681\code\Conversions\obj\Debug\ConsoleApplication1.pdb --> ftp.ecs.syr.edu /faculty/fawcett/handouts/CSE681/code/Conversions/obj/Debug ConsoleApplication1.pdb
2004.07.26 10:16 B C:\SU\CSE681\code\Conversions\obj\Debug\ConsoleApplication1.projdata --> ftp.ecs.syr.edu /faculty/fawcett/handouts/CSE681/code/Conversions/obj/Debug ConsoleApplication1.projdata
2004.07.26 10:16 B C:\SU\CSE681\code\Conversions\obj\Debug\DemoConversions.projdata --> ftp.ecs.syr.edu /faculty/fawcett/handouts/CSE681/code/Conversions/obj/Debug DemoConversions.projdata
2004.07.26 10:16 B C:\SU\CSE681\code\Conversions\obj\Debug\WS_FTP.LOG --> ftp.ecs.syr.edu /faculty/fawcett/handouts/CSE681/code/Conversions/obj/Debug WS_FTP.LOG
2004.07.26 10:22 B C:\SU\CSE681\code\Conversions\obj\Debug\ConsoleApplication1.exe --> ftp.ecs.syr.edu /faculty/fawcett/handouts/CoreTechnologies/C#/Conversions/obj/Debug ConsoleApplication1.exe
2004.07.26 10:22 B C:\SU\CSE681\code\Conversions\obj\Debug\ConsoleApplication1.exe.incr --> ftp.ecs.syr.edu /faculty/fawcett/handouts/CoreTechnologies/C#/Conversions/obj/Debug ConsoleApplication1.exe.incr
2004.07.26 10:22 B C:\SU\CSE681\code\Conversions\obj\Debug\ConsoleApplication1.pdb --> ftp.ecs.syr.edu /faculty/fawcett/handouts/CoreTechnologies/C#/Conversions/obj/Debug ConsoleApplication1.pdb
2004.07.26 10:22 B C:\SU\CSE681\code\Conversions\obj\Debug\ConsoleApplication1.projdata --> ftp.ecs.syr.edu /faculty/fawcett/handouts/CoreTechnologies/C#/Conversions/obj/Debug ConsoleApplication1.projdata
2004.07.26 10:22 B C:\SU\CSE681\code\Conversions\obj\Debug\DemoConversions.projdata --> ftp.ecs.syr.edu /faculty/fawcett/handouts/CoreTechnologies/C#/Conversions/obj/Debug DemoConversions.projdata
2004.07.26 14:19 B C:\SU\CoreTechnologies\C#\Conversions\obj\Debug\WS_FTP.LOG <-- SU /faculty/fawcett/handouts/CoreTechnologies/C#/Conversions/obj/Debug WS_FTP.LOG
2004.09.06 15:15 B C:\SU\CSE681\code\Conversions\obj\Debug\ConsoleApplication1.exe <-- SU /faculty/fawcett/handouts/CoreTechnologies/C#/Conversions/obj/Debug ConsoleApplication1.exe
2004.09.06 15:15 B C:\SU\CSE681\code\Conversions\obj\Debug\ConsoleApplication1.exe.incr <-- SU /faculty/fawcett/handouts/CoreTechnologies/C#/Conversions/obj/Debug ConsoleApplication1.exe.incr
2004.09.06 15:15 B C:\SU\CSE681\code\Conversions\obj\Debug\ConsoleApplication1.pdb <-- SU /faculty/fawcett/handouts/CoreTechnologies/C#/Conversions/obj/Debug ConsoleApplication1.pdb
2006.06.04 19:13 B C:\SU\CSE681\code\Conversions\obj\Debug\ConsoleApplication1.pdb --> ftp.ecs.syr.edu /faculty/fawcett/handouts/CSE681/code/Conversions/obj/Debug ConsoleApplication1.pdb
2006.06.04 19:13 B C:\SU\CSE681\code\Conversions\obj\Debug\ConsoleApplication1.exe --> ftp.ecs.syr.edu /faculty/fawcett/handouts/CSE681/code/Conversions/obj/Debug ConsoleApplication1.exe
2006.06.04 19:13 B C:\SU\CSE681\code\Conversions\obj\Debug\DemoConversions.projdata --> ftp.ecs.syr.edu /faculty/fawcett/handouts/CSE681/code/Conversions/obj/Debug DemoConversions.projdata
2006.06.04 19:13 B C:\SU\CSE681\code\Conversions\obj\Debug\WS_FTP.LOG --> ftp.ecs.syr.edu /faculty/fawcett/handouts/CSE681/code/Conversions/obj/Debug WS_FTP.LOG
2006.06.04 19:13 B C:\SU\CSE681\code\Conversions\obj\Debug\ConsoleApplication1.exe.incr --> ftp.ecs.syr.edu /faculty/fawcett/handouts/CSE681/code/Conversions/obj/Debug ConsoleApplication1.exe.incr
2006.06.04 19:13 B C:\SU\CSE681\code\Conversions\obj\Debug\ConsoleApplication1.projdata --> ftp.ecs.syr.edu /faculty/fawcett/handouts/CSE681/code/Conversions/obj/Debug ConsoleApplication1.projdata
