2006.10.10 09:21 B C:\SU\CSE681\code\DynamicLinkLibraries\bin\Debug\LibraryInterface.pdb --> ftp.ecs.syr.edu /faculty/fawcett/handouts/CSE681/code/DynamicLinkLibraries/bin/Debug LibraryInterface.pdb
2006.10.10 09:21 B C:\SU\CSE681\code\DynamicLinkLibraries\bin\Debug\LibraryInterface.dll --> ftp.ecs.syr.edu /faculty/fawcett/handouts/CSE681/code/DynamicLinkLibraries/bin/Debug LibraryInterface.dll
2006.10.10 09:21 B C:\SU\CSE681\code\DynamicLinkLibraries\bin\Debug\Library-2.pdb --> ftp.ecs.syr.edu /faculty/fawcett/handouts/CSE681/code/DynamicLinkLibraries/bin/Debug Library-2.pdb
2006.10.10 09:21 B C:\SU\CSE681\code\DynamicLinkLibraries\bin\Debug\Library-2.dll --> ftp.ecs.syr.edu /faculty/fawcett/handouts/CSE681/code/DynamicLinkLibraries/bin/Debug Library-2.dll
2006.10.10 09:21 B C:\SU\CSE681\code\DynamicLinkLibraries\bin\Debug\Library-1.pdb --> ftp.ecs.syr.edu /faculty/fawcett/handouts/CSE681/code/DynamicLinkLibraries/bin/Debug Library-1.pdb
2006.10.10 09:21 B C:\SU\CSE681\code\DynamicLinkLibraries\bin\Debug\Library-1.dll --> ftp.ecs.syr.edu /faculty/fawcett/handouts/CSE681/code/DynamicLinkLibraries/bin/Debug Library-1.dll
2006.10.10 09:21 B C:\SU\CSE681\code\DynamicLinkLibraries\bin\Debug\DynamicLinkLibraries.pdb --> ftp.ecs.syr.edu /faculty/fawcett/handouts/CSE681/code/DynamicLinkLibraries/bin/Debug DynamicLinkLibraries.pdb
2006.10.10 09:21 B C:\SU\CSE681\code\DynamicLinkLibraries\bin\Debug\DynamicLinkLibraries.exe --> ftp.ecs.syr.edu /faculty/fawcett/handouts/CSE681/code/DynamicLinkLibraries/bin/Debug DynamicLinkLibraries.exe
2006.10.10 09:21 B C:\SU\CSE681\code\DynamicLinkLibraries\bin\Debug\DynamicLinkLibraries.vshost.exe --> ftp.ecs.syr.edu /faculty/fawcett/handouts/CSE681/code/DynamicLinkLibraries/bin/Debug DynamicLinkLibraries.vshost.exe
2006.10.30 10:04 B C:\SU\CSE681\code\DynamicLinkLibraries\bin\Debug\DynamicLinkLibraries.pdb --> ftp.ecs.syr.edu /faculty/fawcett/handouts/CSE681/code/DynamicLinkLibraries/bin/Debug DynamicLinkLibraries.pdb
2006.10.30 10:04 B C:\SU\CSE681\code\DynamicLinkLibraries\bin\Debug\DynamicLinkLibraries.exe --> ftp.ecs.syr.edu /faculty/fawcett/handouts/CSE681/code/DynamicLinkLibraries/bin/Debug DynamicLinkLibraries.exe
2006.10.30 10:04 B C:\SU\CSE681\code\DynamicLinkLibraries\bin\Debug\WS_FTP.LOG --> ftp.ecs.syr.edu /faculty/fawcett/handouts/CSE681/code/DynamicLinkLibraries/bin/Debug WS_FTP.LOG
2007.05.28 16:16 B C:\SU\CSE681\code\DynamicLinkLibraries\bin\Debug\LibraryInterface.pdb --> ftp.ecs.syr.edu /faculty/fawcett/handouts/CSE681/code/DynamicLinkLibraries/bin/Debug LibraryInterface.pdb
2007.05.28 16:16 B C:\SU\CSE681\code\DynamicLinkLibraries\bin\Debug\LibraryInterface.dll --> ftp.ecs.syr.edu /faculty/fawcett/handouts/CSE681/code/DynamicLinkLibraries/bin/Debug LibraryInterface.dll
2007.05.28 16:16 B C:\SU\CSE681\code\DynamicLinkLibraries\bin\Debug\Library-2.pdb --> ftp.ecs.syr.edu /faculty/fawcett/handouts/CSE681/code/DynamicLinkLibraries/bin/Debug Library-2.pdb
2007.05.28 16:16 B C:\SU\CSE681\code\DynamicLinkLibraries\bin\Debug\Library-2.dll --> ftp.ecs.syr.edu /faculty/fawcett/handouts/CSE681/code/DynamicLinkLibraries/bin/Debug Library-2.dll
2007.05.28 16:16 B C:\SU\CSE681\code\DynamicLinkLibraries\bin\Debug\Library-1.pdb --> ftp.ecs.syr.edu /faculty/fawcett/handouts/CSE681/code/DynamicLinkLibraries/bin/Debug Library-1.pdb
2007.05.28 16:16 B C:\SU\CSE681\code\DynamicLinkLibraries\bin\Debug\Library-1.dll --> ftp.ecs.syr.edu /faculty/fawcett/handouts/CSE681/code/DynamicLinkLibraries/bin/Debug Library-1.dll
2007.05.28 16:16 B C:\SU\CSE681\code\DynamicLinkLibraries\bin\Debug\DynamicLinkLibraries.pdb --> ftp.ecs.syr.edu /faculty/fawcett/handouts/CSE681/code/DynamicLinkLibraries/bin/Debug DynamicLinkLibraries.pdb
2007.05.28 16:16 B C:\SU\CSE681\code\DynamicLinkLibraries\bin\Debug\DynamicLinkLibraries.exe --> ftp.ecs.syr.edu /faculty/fawcett/handouts/CSE681/code/DynamicLinkLibraries/bin/Debug DynamicLinkLibraries.exe
