2002.09.06 15:52 B c:\SU\CSE681\code\helpSession\helpSession.sln --> ftp.ecs.syr.edu /faculty/fawcett/handouts/SWMod&Anal/code/helpSession helpSession.sln
2002.09.06 15:52 B c:\SU\CSE681\code\helpSession\helpSession.suo --> ftp.ecs.syr.edu /faculty/fawcett/handouts/SWMod&Anal/code/helpSession helpSession.suo
2002.09.06 15:52 B c:\SU\CSE681\code\helpSession\ScreenShots.doc --> ftp.ecs.syr.edu /faculty/fawcett/handouts/SWMod&Anal/code/helpSession ScreenShots.doc
2002.09.06 15:52 B c:\SU\CSE681\code\helpSession\ScreenShots1.doc --> ftp.ecs.syr.edu /faculty/fawcett/handouts/SWMod&Anal/code/helpSession ScreenShots1.doc
2002.09.06 15:52 B c:\SU\CSE681\code\helpSession\ScreenShots2.doc --> ftp.ecs.syr.edu /faculty/fawcett/handouts/SWMod&Anal/code/helpSession ScreenShots2.doc
2002.09.11 13:28 B c:\SU\CSE681\Lecture3 XML, WinForms\helpSession\helpSession.sln --> ftp.ecs.syr.edu /faculty/fawcett/handouts/SWMod&Anal/Lecture3 XML, WinForms/helpSession helpSession.sln
2002.09.11 13:28 B c:\SU\CSE681\Lecture3 XML, WinForms\helpSession\helpSession.suo --> ftp.ecs.syr.edu /faculty/fawcett/handouts/SWMod&Anal/Lecture3 XML, WinForms/helpSession helpSession.suo
2002.09.11 13:28 B c:\SU\CSE681\Lecture3 XML, WinForms\helpSession\ScreenShots1.doc --> ftp.ecs.syr.edu /faculty/fawcett/handouts/SWMod&Anal/Lecture3 XML, WinForms/helpSession ScreenShots1.doc
2002.09.11 13:28 B c:\SU\CSE681\Lecture3 XML, WinForms\helpSession\ScreenShots2.doc --> ftp.ecs.syr.edu /faculty/fawcett/handouts/SWMod&Anal/Lecture3 XML, WinForms/helpSession ScreenShots2.doc
2002.09.11 13:28 B c:\SU\CSE681\Lecture3 XML, WinForms\helpSession\WS_FTP.LOG --> ftp.ecs.syr.edu /faculty/fawcett/handouts/SWMod&Anal/Lecture3 XML, WinForms/helpSession WS_FTP.LOG
2002.09.11 15:03 B c:\SU\CSE681\code\helpSession\helpSession.suo --> ftp.ecs.syr.edu /faculty/fawcett/handouts/SWMod&Anal/code/helpSession helpSession.suo
2002.09.11 15:03 B c:\SU\CSE681\code\helpSession\WS_FTP.LOG --> ftp.ecs.syr.edu /faculty/fawcett/handouts/SWMod&Anal/code/helpSession WS_FTP.LOG
2002.09.18 14:52 B c:\SU\CSE681\code\Collections\collections.doc --> ftp.ecs.syr.edu /faculty/fawcett/handouts/SWMod&Anal/Lecture4/code/Collections collections.doc
2002.09.18 14:52 B c:\SU\CSE681\code\Collections\Collections.sln --> ftp.ecs.syr.edu /faculty/fawcett/handouts/SWMod&Anal/Lecture4/code/Collections Collections.sln
2002.09.18 14:52 B c:\SU\CSE681\code\Collections\Collections.suo --> ftp.ecs.syr.edu /faculty/fawcett/handouts/SWMod&Anal/Lecture4/code/Collections Collections.suo
2002.09.18 14:52 B c:\SU\CSE681\code\Collections\WS_FTP.LOG --> ftp.ecs.syr.edu /faculty/fawcett/handouts/SWMod&Anal/Lecture4/code/Collections WS_FTP.LOG
2002.09.18 15:02 B c:\SU\CSE681\code\Collections\WS_FTP.LOG --> ftp.ecs.syr.edu /faculty/fawcett/handouts/SWMod&Anal/Lecture4/code/Collections WS_FTP.LOG
2003.05.26 21:32 B C:\SU\CSE681\code\Collections\Collections.sln --> ftp.ecs.syr.edu /faculty/fawcett/handouts/CSE681/code/Collections Collections.sln
2003.05.26 21:32 B C:\SU\CSE681\code\Collections\Collections.suo --> ftp.ecs.syr.edu /faculty/fawcett/handouts/CSE681/code/Collections Collections.suo
2003.05.26 21:32 B C:\SU\CSE681\code\Collections\CollectionsDemo.doc --> ftp.ecs.syr.edu /faculty/fawcett/handouts/CSE681/code/Collections CollectionsDemo.doc
2003.05.26 21:32 B C:\SU\CSE681\code\Collections\Question9.doc --> ftp.ecs.syr.edu /faculty/fawcett/handouts/CSE681/code/Collections Question9.doc
2003.05.26 21:32 B C:\SU\CSE681\code\Collections\WS_FTP.LOG --> ftp.ecs.syr.edu /faculty/fawcett/handouts/CSE681/code/Collections WS_FTP.LOG
2004.07.26 10:27 B C:\SU\CSE681\code\Collections\collections.doc --> ftp.ecs.syr.edu /faculty/fawcett/handouts/CoreTechnologies/C#/Collections collections.doc
2004.07.26 10:27 B C:\SU\CSE681\code\Collections\Collections.sln --> ftp.ecs.syr.edu /faculty/fawcett/handouts/CoreTechnologies/C#/Collections Collections.sln
2004.07.26 10:27 B C:\SU\CSE681\code\Collections\Collections.sln.old --> ftp.ecs.syr.edu /faculty/fawcett/handouts/CoreTechnologies/C#/Collections Collections.sln.old
2004.07.26 10:27 B C:\SU\CSE681\code\Collections\Collections.suo --> ftp.ecs.syr.edu /faculty/fawcett/handouts/CoreTechnologies/C#/Collections Collections.suo
2004.07.26 10:27 B C:\SU\CSE681\code\Collections\CollectionsDemo.doc --> ftp.ecs.syr.edu /faculty/fawcett/handouts/CoreTechnologies/C#/Collections CollectionsDemo.doc
2004.07.26 10:27 B C:\SU\CSE681\code\Collections\Question9.doc --> ftp.ecs.syr.edu /faculty/fawcett/handouts/CoreTechnologies/C#/Collections Question9.doc
2004.07.26 14:18 B C:\SU\CoreTechnologies\C#\Collections\WS_FTP.LOG <-- SU /faculty/fawcett/handouts/CoreTechnologies/C#/Collections WS_FTP.LOG
2004.09.06 10:47 B C:\SU\CoreTechnologies\C#\Collections\WS_FTP.LOG --> ftp.ecs.syr.edu /faculty/fawcett/handouts/CoreTechnologies/C#/Collections WS_FTP.LOG
2004.09.06 10:51 B C:\SU\CoreTechnologies\C#\Collections\WS_FTP.LOG --> ftp.ecs.syr.edu /faculty/fawcett/handouts/CoreTechnologies/C#/Collections WS_FTP.LOG
2004.09.06 15:08 B C:\SU\CSE681\code\Collections\WS_FTP.LOG <-- SU /faculty/fawcett/handouts/CoreTechnologies/C#/Collections WS_FTP.LOG
2006.06.04 10:53 B C:\SU\CoreTechnologies\CSharp\code\Collections\WS_FTP.LOG <-- SU /faculty/fawcett/handouts/CSE681/code/Collections WS_FTP.LOG
