2002.09.03 22:01 B c:\SU\CSE681\code\demoFiles\App.ico --> ftp.ecs.syr.edu /faculty/fawcett/handouts/SWMod&Anal/Lecture2/demoFiles App.ico
2002.09.03 22:01 B c:\SU\CSE681\code\demoFiles\AssemblyInfo.cs --> ftp.ecs.syr.edu /faculty/fawcett/handouts/SWMod&Anal/Lecture2/demoFiles AssemblyInfo.cs
2002.09.03 22:01 B c:\SU\CSE681\code\demoFiles\cGetAssemblyInfo.bat --> ftp.ecs.syr.edu /faculty/fawcett/handouts/SWMod&Anal/Lecture2/demoFiles cGetAssemblyInfo.bat
2002.09.03 22:01 B c:\SU\CSE681\code\demoFiles\cGetFiles.bat --> ftp.ecs.syr.edu /faculty/fawcett/handouts/SWMod&Anal/Lecture2/demoFiles cGetFiles.bat
2002.09.03 22:01 B c:\SU\CSE681\code\demoFiles\CmdLnArgs.doc --> ftp.ecs.syr.edu /faculty/fawcett/handouts/SWMod&Anal/Lecture2/demoFiles CmdLnArgs.doc
2002.09.03 22:01 B c:\SU\CSE681\code\demoFiles\cTest.bat --> ftp.ecs.syr.edu /faculty/fawcett/handouts/SWMod&Anal/Lecture2/demoFiles cTest.bat
2002.09.03 22:02 B c:\SU\CSE681\code\demoFiles\demoFiles.csproj --> ftp.ecs.syr.edu /faculty/fawcett/handouts/SWMod&Anal/Lecture2/demoFiles demoFiles.csproj
2002.09.03 22:03 B c:\SU\CSE681\code\demoFiles\demoFiles.csproj --> ftp.ecs.syr.edu /faculty/fawcett/handouts/SWMod&Anal/Lecture2/demoFiles demoFiles.csproj
2002.09.03 22:03 B c:\SU\CSE681\code\demoFiles\demoFiles.csproj.user --> ftp.ecs.syr.edu /faculty/fawcett/handouts/SWMod&Anal/Lecture2/demoFiles demoFiles.csproj.user
2002.09.03 22:03 B c:\SU\CSE681\code\demoFiles\demoFiles.sln --> ftp.ecs.syr.edu /faculty/fawcett/handouts/SWMod&Anal/Lecture2/demoFiles demoFiles.sln
2002.09.03 22:03 B c:\SU\CSE681\code\demoFiles\demoFiles.suo --> ftp.ecs.syr.edu /faculty/fawcett/handouts/SWMod&Anal/Lecture2/demoFiles demoFiles.suo
2002.09.03 22:03 B c:\SU\CSE681\code\demoFiles\ff.cs --> ftp.ecs.syr.edu /faculty/fawcett/handouts/SWMod&Anal/Lecture2/demoFiles ff.cs
2002.09.03 22:03 B c:\SU\CSE681\code\demoFiles\GetAssemblyInfo.cs --> ftp.ecs.syr.edu /faculty/fawcett/handouts/SWMod&Anal/Lecture2/demoFiles GetAssemblyInfo.cs
2002.09.03 22:03 B c:\SU\CSE681\code\demoFiles\GetAssemblyInfo.exe --> ftp.ecs.syr.edu /faculty/fawcett/handouts/SWMod&Anal/Lecture2/demoFiles GetAssemblyInfo.exe
2002.09.03 22:03 B c:\SU\CSE681\code\demoFiles\GetFiles.cs --> ftp.ecs.syr.edu /faculty/fawcett/handouts/SWMod&Anal/Lecture2/demoFiles GetFiles.cs
2002.09.03 22:03 B c:\SU\CSE681\code\demoFiles\GetFiles.exe --> ftp.ecs.syr.edu /faculty/fawcett/handouts/SWMod&Anal/Lecture2/demoFiles GetFiles.exe
2002.09.03 22:03 B c:\SU\CSE681\code\demoFiles\rGetAssemblyInfo.bat --> ftp.ecs.syr.edu /faculty/fawcett/handouts/SWMod&Anal/Lecture2/demoFiles rGetAssemblyInfo.bat
2002.09.03 22:03 B c:\SU\CSE681\code\demoFiles\rGetFiles.bat --> ftp.ecs.syr.edu /faculty/fawcett/handouts/SWMod&Anal/Lecture2/demoFiles rGetFiles.bat
2002.09.03 22:03 B c:\SU\CSE681\code\demoFiles\rTest.bat --> ftp.ecs.syr.edu /faculty/fawcett/handouts/SWMod&Anal/Lecture2/demoFiles rTest.bat
2002.09.03 22:04 B c:\SU\CSE681\code\demoFiles\run.doc --> ftp.ecs.syr.edu /faculty/fawcett/handouts/SWMod&Anal/Lecture2/demoFiles run.doc
2002.09.03 22:04 B c:\SU\CSE681\code\demoFiles\Test.cs --> ftp.ecs.syr.edu /faculty/fawcett/handouts/SWMod&Anal/Lecture2/demoFiles Test.cs
2002.09.03 22:04 B c:\SU\CSE681\code\demoFiles\Test.exe --> ftp.ecs.syr.edu /faculty/fawcett/handouts/SWMod&Anal/Lecture2/demoFiles Test.exe
2002.09.03 22:04 B c:\SU\CSE681\code\demoFiles\WS_FTP.LOG --> ftp.ecs.syr.edu /faculty/fawcett/handouts/SWMod&Anal/Lecture2/demoFiles WS_FTP.LOG
2002.09.04 11:55 B c:\SU\CSE681\code\demoFiles\App.ico --> ftp.ecs.syr.edu /faculty/fawcett/handouts/SWMod&Anal/code/demoFiles App.ico
2002.09.04 11:55 B c:\SU\CSE681\code\demoFiles\AssemblyInfo.cs --> ftp.ecs.syr.edu /faculty/fawcett/handouts/SWMod&Anal/code/demoFiles AssemblyInfo.cs
2002.09.04 11:55 B c:\SU\CSE681\code\demoFiles\cGetAssemblyInfo.bat --> ftp.ecs.syr.edu /faculty/fawcett/handouts/SWMod&Anal/code/demoFiles cGetAssemblyInfo.bat
2002.09.04 11:55 B c:\SU\CSE681\code\demoFiles\cGetFiles.bat --> ftp.ecs.syr.edu /faculty/fawcett/handouts/SWMod&Anal/code/demoFiles cGetFiles.bat
2002.09.04 11:56 B c:\SU\CSE681\code\demoFiles\CmdLnArgs.doc --> ftp.ecs.syr.edu /faculty/fawcett/handouts/SWMod&Anal/code/demoFiles CmdLnArgs.doc
2002.09.04 11:56 B c:\SU\CSE681\code\demoFiles\cTest.bat --> ftp.ecs.syr.edu /faculty/fawcett/handouts/SWMod&Anal/code/demoFiles cTest.bat
2002.09.04 11:56 B c:\SU\CSE681\code\demoFiles\demoFiles.csproj --> ftp.ecs.syr.edu /faculty/fawcett/handouts/SWMod&Anal/code/demoFiles demoFiles.csproj
2002.09.04 11:56 B c:\SU\CSE681\code\demoFiles\demoFiles.csproj.user --> ftp.ecs.syr.edu /faculty/fawcett/handouts/SWMod&Anal/code/demoFiles demoFiles.csproj.user
2002.09.04 11:56 B c:\SU\CSE681\code\demoFiles\demoFiles.ncb --> ftp.ecs.syr.edu /faculty/fawcett/handouts/SWMod&Anal/code/demoFiles demoFiles.ncb
2002.09.04 11:57 B c:\SU\CSE681\code\demoFiles\demoFiles.sln --> ftp.ecs.syr.edu /faculty/fawcett/handouts/SWMod&Anal/code/demoFiles demoFiles.sln
2002.09.04 11:57 B c:\SU\CSE681\code\demoFiles\demoFiles.suo --> ftp.ecs.syr.edu /faculty/fawcett/handouts/SWMod&Anal/code/demoFiles demoFiles.suo
2002.09.04 11:57 B c:\SU\CSE681\code\demoFiles\ff.cs --> ftp.ecs.syr.edu /faculty/fawcett/handouts/SWMod&Anal/code/demoFiles ff.cs
2002.09.04 11:57 B c:\SU\CSE681\code\demoFiles\GetAssemblyInfo.cs --> ftp.ecs.syr.edu /faculty/fawcett/handouts/SWMod&Anal/code/demoFiles GetAssemblyInfo.cs
2002.09.04 11:57 B c:\SU\CSE681\code\demoFiles\GetAssemblyInfo.exe --> ftp.ecs.syr.edu /faculty/fawcett/handouts/SWMod&Anal/code/demoFiles GetAssemblyInfo.exe
2002.09.04 11:57 B c:\SU\CSE681\code\demoFiles\GetFiles.cs --> ftp.ecs.syr.edu /faculty/fawcett/handouts/SWMod&Anal/code/demoFiles GetFiles.cs
2002.09.04 11:57 B c:\SU\CSE681\code\demoFiles\GetFiles.exe --> ftp.ecs.syr.edu /faculty/fawcett/handouts/SWMod&Anal/code/demoFiles GetFiles.exe
2002.09.04 11:57 B c:\SU\CSE681\code\demoFiles\rGetAssemblyInfo.bat --> ftp.ecs.syr.edu /faculty/fawcett/handouts/SWMod&Anal/code/demoFiles rGetAssemblyInfo.bat
2002.09.04 11:57 B c:\SU\CSE681\code\demoFiles\rGetFiles.bat --> ftp.ecs.syr.edu /faculty/fawcett/handouts/SWMod&Anal/code/demoFiles rGetFiles.bat
2002.09.04 11:57 B c:\SU\CSE681\code\demoFiles\rTest.bat --> ftp.ecs.syr.edu /faculty/fawcett/handouts/SWMod&Anal/code/demoFiles rTest.bat
2002.09.04 11:57 B c:\SU\CSE681\code\demoFiles\run.doc --> ftp.ecs.syr.edu /faculty/fawcett/handouts/SWMod&Anal/code/demoFiles run.doc
2002.09.04 11:57 B c:\SU\CSE681\code\demoFiles\Test.cs --> ftp.ecs.syr.edu /faculty/fawcett/handouts/SWMod&Anal/code/demoFiles Test.cs
2002.09.04 11:57 B c:\SU\CSE681\code\demoFiles\Test.exe --> ftp.ecs.syr.edu /faculty/fawcett/handouts/SWMod&Anal/code/demoFiles Test.exe
2002.09.04 11:57 B c:\SU\CSE681\code\demoFiles\WS_FTP.LOG --> ftp.ecs.syr.edu /faculty/fawcett/handouts/SWMod&Anal/code/demoFiles WS_FTP.LOG
2002.09.11 15:00 B c:\SU\CSE681\code\demo C#, managed C++\demoFiles.csproj.user --> ftp.ecs.syr.edu /faculty/fawcett/handouts/SWMod&Anal/code/demo C#, managed C++ demoFiles.csproj.user
2002.09.11 15:00 B c:\SU\CSE681\code\demo C#, managed C++\demoFiles.doc --> ftp.ecs.syr.edu /faculty/fawcett/handouts/SWMod&Anal/code/demo C#, managed C++ demoFiles.doc
2002.09.11 15:02 B c:\SU\CSE681\code\demo C#, managed C++\demoFiles.ncb --> ftp.ecs.syr.edu /faculty/fawcett/handouts/SWMod&Anal/code/demo C#, managed C++ demoFiles.ncb
2002.09.11 15:02 B c:\SU\CSE681\code\demo C#, managed C++\demoFiles.sln --> ftp.ecs.syr.edu /faculty/fawcett/handouts/SWMod&Anal/code/demo C#, managed C++ demoFiles.sln
2002.09.11 15:02 B c:\SU\CSE681\code\demo C#, managed C++\demoFiles.suo --> ftp.ecs.syr.edu /faculty/fawcett/handouts/SWMod&Anal/code/demo C#, managed C++ demoFiles.suo
2002.09.11 15:02 B c:\SU\CSE681\code\demo C#, managed C++\WS_FTP.LOG --> ftp.ecs.syr.edu /faculty/fawcett/handouts/SWMod&Anal/code/demo C#, managed C++ WS_FTP.LOG
2002.09.18 14:54 B c:\SU\CSE681\code\demo C#, managed C++\App.ico --> ftp.ecs.syr.edu /faculty/fawcett/handouts/SWMod&Anal/Lecture4/code/demo C#, managed C++ App.ico
2002.09.18 14:54 B c:\SU\CSE681\code\demo C#, managed C++\AssemblyInfo.cs --> ftp.ecs.syr.edu /faculty/fawcett/handouts/SWMod&Anal/Lecture4/code/demo C#, managed C++ AssemblyInfo.cs
2002.09.18 14:54 B c:\SU\CSE681\code\demo C#, managed C++\cGetAssemblyInfo.bat --> ftp.ecs.syr.edu /faculty/fawcett/handouts/SWMod&Anal/Lecture4/code/demo C#, managed C++ cGetAssemblyInfo.bat
2002.09.18 14:54 B c:\SU\CSE681\code\demo C#, managed C++\cGetFiles.bat --> ftp.ecs.syr.edu /faculty/fawcett/handouts/SWMod&Anal/Lecture4/code/demo C#, managed C++ cGetFiles.bat
2002.09.18 14:54 B c:\SU\CSE681\code\demo C#, managed C++\CmdLnArgs.doc --> ftp.ecs.syr.edu /faculty/fawcett/handouts/SWMod&Anal/Lecture4/code/demo C#, managed C++ CmdLnArgs.doc
2002.09.18 14:54 B c:\SU\CSE681\code\demo C#, managed C++\cTest.bat --> ftp.ecs.syr.edu /faculty/fawcett/handouts/SWMod&Anal/Lecture4/code/demo C#, managed C++ cTest.bat
2002.09.18 14:54 B c:\SU\CSE681\code\demo C#, managed C++\demoFiles.csproj --> ftp.ecs.syr.edu /faculty/fawcett/handouts/SWMod&Anal/Lecture4/code/demo C#, managed C++ demoFiles.csproj
2002.09.18 14:54 B c:\SU\CSE681\code\demo C#, managed C++\demoFiles.csproj.user --> ftp.ecs.syr.edu /faculty/fawcett/handouts/SWMod&Anal/Lecture4/code/demo C#, managed C++ demoFiles.csproj.user
2002.09.18 14:55 B c:\SU\CSE681\code\demo C#, managed C++\demoFiles.doc --> ftp.ecs.syr.edu /faculty/fawcett/handouts/SWMod&Anal/Lecture4/code/demo C#, managed C++ demoFiles.doc
2002.09.18 14:56 B c:\SU\CSE681\code\demo C#, managed C++\demoFiles.ncb --> ftp.ecs.syr.edu /faculty/fawcett/handouts/SWMod&Anal/Lecture4/code/demo C#, managed C++ demoFiles.ncb
2002.09.18 14:56 B c:\SU\CSE681\code\demo C#, managed C++\demoFiles.sln --> ftp.ecs.syr.edu /faculty/fawcett/handouts/SWMod&Anal/Lecture4/code/demo C#, managed C++ demoFiles.sln
2002.09.18 14:56 B c:\SU\CSE681\code\demo C#, managed C++\demoFiles.suo --> ftp.ecs.syr.edu /faculty/fawcett/handouts/SWMod&Anal/Lecture4/code/demo C#, managed C++ demoFiles.suo
2002.09.18 14:56 B c:\SU\CSE681\code\demo C#, managed C++\ff.cs --> ftp.ecs.syr.edu /faculty/fawcett/handouts/SWMod&Anal/Lecture4/code/demo C#, managed C++ ff.cs
2002.09.18 14:56 B c:\SU\CSE681\code\demo C#, managed C++\GetAssemblyInfo.cs --> ftp.ecs.syr.edu /faculty/fawcett/handouts/SWMod&Anal/Lecture4/code/demo C#, managed C++ GetAssemblyInfo.cs
2002.09.18 14:56 B c:\SU\CSE681\code\demo C#, managed C++\GetAssemblyInfo.exe --> ftp.ecs.syr.edu /faculty/fawcett/handouts/SWMod&Anal/Lecture4/code/demo C#, managed C++ GetAssemblyInfo.exe
2002.09.18 14:56 B c:\SU\CSE681\code\demo C#, managed C++\GetFiles.cs --> ftp.ecs.syr.edu /faculty/fawcett/handouts/SWMod&Anal/Lecture4/code/demo C#, managed C++ GetFiles.cs
2002.09.18 14:56 B c:\SU\CSE681\code\demo C#, managed C++\GetFiles.exe --> ftp.ecs.syr.edu /faculty/fawcett/handouts/SWMod&Anal/Lecture4/code/demo C#, managed C++ GetFiles.exe
2002.09.18 14:56 B c:\SU\CSE681\code\demo C#, managed C++\rGetAssemblyInfo.bat --> ftp.ecs.syr.edu /faculty/fawcett/handouts/SWMod&Anal/Lecture4/code/demo C#, managed C++ rGetAssemblyInfo.bat
2002.09.18 14:56 B c:\SU\CSE681\code\demo C#, managed C++\rGetFiles.bat --> ftp.ecs.syr.edu /faculty/fawcett/handouts/SWMod&Anal/Lecture4/code/demo C#, managed C++ rGetFiles.bat
2002.09.18 14:56 B c:\SU\CSE681\code\demo C#, managed C++\rTest.bat --> ftp.ecs.syr.edu /faculty/fawcett/handouts/SWMod&Anal/Lecture4/code/demo C#, managed C++ rTest.bat
2002.09.18 14:56 B c:\SU\CSE681\code\demo C#, managed C++\Test.cs --> ftp.ecs.syr.edu /faculty/fawcett/handouts/SWMod&Anal/Lecture4/code/demo C#, managed C++ Test.cs
2002.09.18 14:56 B c:\SU\CSE681\code\demo C#, managed C++\Test.exe --> ftp.ecs.syr.edu /faculty/fawcett/handouts/SWMod&Anal/Lecture4/code/demo C#, managed C++ Test.exe
2002.09.18 14:56 B c:\SU\CSE681\code\demo C#, managed C++\WS_FTP.LOG --> ftp.ecs.syr.edu /faculty/fawcett/handouts/SWMod&Anal/Lecture4/code/demo C#, managed C++ WS_FTP.LOG
2002.09.18 15:03 B c:\SU\CSE681\code\demo C#, managed C++\WS_FTP.LOG --> ftp.ecs.syr.edu /faculty/fawcett/handouts/SWMod&Anal/Lecture4/code/demo C#, managed C++ WS_FTP.LOG
2004.07.26 10:50 B C:\SU\CSE681\code\reflection\App.ico --> ftp.ecs.syr.edu /faculty/fawcett/handouts/CoreTechnologies/C#/reflection App.ico
2004.07.26 10:50 B C:\SU\CSE681\code\reflection\AssemblyInfo.cs --> ftp.ecs.syr.edu /faculty/fawcett/handouts/CoreTechnologies/C#/reflection AssemblyInfo.cs
2004.07.26 10:50 B C:\SU\CSE681\code\reflection\cGetAssemblyInfo.bat --> ftp.ecs.syr.edu /faculty/fawcett/handouts/CoreTechnologies/C#/reflection cGetAssemblyInfo.bat
2004.07.26 10:50 B C:\SU\CSE681\code\reflection\cGetFiles.bat --> ftp.ecs.syr.edu /faculty/fawcett/handouts/CoreTechnologies/C#/reflection cGetFiles.bat
2004.07.26 10:50 B C:\SU\CSE681\code\reflection\CmdLnArgs.doc --> ftp.ecs.syr.edu /faculty/fawcett/handouts/CoreTechnologies/C#/reflection CmdLnArgs.doc
2004.07.26 10:50 B C:\SU\CSE681\code\reflection\cTest.bat --> ftp.ecs.syr.edu /faculty/fawcett/handouts/CoreTechnologies/C#/reflection cTest.bat
2004.07.26 10:50 B C:\SU\CSE681\code\reflection\demoFiles.csproj --> ftp.ecs.syr.edu /faculty/fawcett/handouts/CoreTechnologies/C#/reflection demoFiles.csproj
2004.07.26 10:50 B C:\SU\CSE681\code\reflection\demoFiles.csproj.user --> ftp.ecs.syr.edu /faculty/fawcett/handouts/CoreTechnologies/C#/reflection demoFiles.csproj.user
2004.07.26 10:50 B C:\SU\CSE681\code\reflection\demoFiles.doc --> ftp.ecs.syr.edu /faculty/fawcett/handouts/CoreTechnologies/C#/reflection demoFiles.doc
2004.07.26 10:51 B C:\SU\CSE681\code\reflection\demoFiles.ncb --> ftp.ecs.syr.edu /faculty/fawcett/handouts/CoreTechnologies/C#/reflection demoFiles.ncb
2004.07.26 10:51 B C:\SU\CSE681\code\reflection\demoFiles.sln --> ftp.ecs.syr.edu /faculty/fawcett/handouts/CoreTechnologies/C#/reflection demoFiles.sln
2004.07.26 10:51 B C:\SU\CSE681\code\reflection\demoFiles.sln.old --> ftp.ecs.syr.edu /faculty/fawcett/handouts/CoreTechnologies/C#/reflection demoFiles.sln.old
2004.07.26 10:51 B C:\SU\CSE681\code\reflection\demoFiles.suo --> ftp.ecs.syr.edu /faculty/fawcett/handouts/CoreTechnologies/C#/reflection demoFiles.suo
2004.07.26 10:51 B C:\SU\CSE681\code\reflection\ff.cs --> ftp.ecs.syr.edu /faculty/fawcett/handouts/CoreTechnologies/C#/reflection ff.cs
2004.07.26 10:51 B C:\SU\CSE681\code\reflection\GetAssemblyInfo.cs --> ftp.ecs.syr.edu /faculty/fawcett/handouts/CoreTechnologies/C#/reflection GetAssemblyInfo.cs
2004.07.26 10:51 B C:\SU\CSE681\code\reflection\GetAssemblyInfo.exe --> ftp.ecs.syr.edu /faculty/fawcett/handouts/CoreTechnologies/C#/reflection GetAssemblyInfo.exe
2004.07.26 10:51 B C:\SU\CSE681\code\reflection\GetFiles.cs --> ftp.ecs.syr.edu /faculty/fawcett/handouts/CoreTechnologies/C#/reflection GetFiles.cs
2004.07.26 10:51 B C:\SU\CSE681\code\reflection\GetFiles.exe --> ftp.ecs.syr.edu /faculty/fawcett/handouts/CoreTechnologies/C#/reflection GetFiles.exe
2004.07.26 10:51 B C:\SU\CSE681\code\reflection\rGetAssemblyInfo.bat --> ftp.ecs.syr.edu /faculty/fawcett/handouts/CoreTechnologies/C#/reflection rGetAssemblyInfo.bat
2004.07.26 10:51 B C:\SU\CSE681\code\reflection\rGetFiles.bat --> ftp.ecs.syr.edu /faculty/fawcett/handouts/CoreTechnologies/C#/reflection rGetFiles.bat
2004.07.26 10:51 B C:\SU\CSE681\code\reflection\rTest.bat --> ftp.ecs.syr.edu /faculty/fawcett/handouts/CoreTechnologies/C#/reflection rTest.bat
2004.07.26 10:51 B C:\SU\CSE681\code\reflection\Test.cs --> ftp.ecs.syr.edu /faculty/fawcett/handouts/CoreTechnologies/C#/reflection Test.cs
2004.07.26 10:51 B C:\SU\CSE681\code\reflection\Test.exe --> ftp.ecs.syr.edu /faculty/fawcett/handouts/CoreTechnologies/C#/reflection Test.exe
2004.07.26 14:26 B C:\SU\CoreTechnologies\C#\reflection\WS_FTP.LOG <-- SU /faculty/fawcett/handouts/CoreTechnologies/C#/reflection WS_FTP.LOG
