2002.09.04 11:55 B c:\SU\CSE681\code\demoFiles\managedCPP\AssemblyInfo.cpp --> ftp.ecs.syr.edu /faculty/fawcett/handouts/SWMod&Anal/code/demoFiles/managedCPP AssemblyInfo.cpp
2002.09.04 11:55 B c:\SU\CSE681\code\demoFiles\managedCPP\buildNet.bat --> ftp.ecs.syr.edu /faculty/fawcett/handouts/SWMod&Anal/code/demoFiles/managedCPP buildNet.bat
2002.09.04 11:55 B c:\SU\CSE681\code\demoFiles\managedCPP\CmdLnArgs.doc --> ftp.ecs.syr.edu /faculty/fawcett/handouts/SWMod&Anal/code/demoFiles/managedCPP CmdLnArgs.doc
2002.09.04 11:55 B c:\SU\CSE681\code\demoFiles\managedCPP\managedCPP.cpp --> ftp.ecs.syr.edu /faculty/fawcett/handouts/SWMod&Anal/code/demoFiles/managedCPP managedCPP.cpp
2002.09.04 11:55 B c:\SU\CSE681\code\demoFiles\managedCPP\managedCPP.vcproj --> ftp.ecs.syr.edu /faculty/fawcett/handouts/SWMod&Anal/code/demoFiles/managedCPP managedCPP.vcproj
2002.09.04 11:55 B c:\SU\CSE681\code\demoFiles\managedCPP\ReadMe.txt --> ftp.ecs.syr.edu /faculty/fawcett/handouts/SWMod&Anal/code/demoFiles/managedCPP ReadMe.txt
2002.09.04 11:55 B c:\SU\CSE681\code\demoFiles\managedCPP\run.doc --> ftp.ecs.syr.edu /faculty/fawcett/handouts/SWMod&Anal/code/demoFiles/managedCPP run.doc
2002.09.04 11:55 B c:\SU\CSE681\code\demoFiles\managedCPP\stdafx.cpp --> ftp.ecs.syr.edu /faculty/fawcett/handouts/SWMod&Anal/code/demoFiles/managedCPP stdafx.cpp
2002.09.04 11:55 B c:\SU\CSE681\code\demoFiles\managedCPP\stdafx.h --> ftp.ecs.syr.edu /faculty/fawcett/handouts/SWMod&Anal/code/demoFiles/managedCPP stdafx.h
2002.09.04 11:55 B c:\SU\CSE681\code\demoFiles\managedCPP\TopReader.cpp --> ftp.ecs.syr.edu /faculty/fawcett/handouts/SWMod&Anal/code/demoFiles/managedCPP TopReader.cpp
2002.09.04 11:55 B c:\SU\CSE681\code\demoFiles\managedCPP\TopReader.h --> ftp.ecs.syr.edu /faculty/fawcett/handouts/SWMod&Anal/code/demoFiles/managedCPP TopReader.h
2002.09.11 15:00 B c:\SU\CSE681\code\demo C#, managed C++\managedCPP\managedCPP.cpp --> ftp.ecs.syr.edu /faculty/fawcett/handouts/SWMod&Anal/code/demo C#, managed C++/managedCPP managedCPP.cpp
2002.09.11 15:00 B c:\SU\CSE681\code\demo C#, managed C++\managedCPP\managedCPP.doc --> ftp.ecs.syr.edu /faculty/fawcett/handouts/SWMod&Anal/code/demo C#, managed C++/managedCPP managedCPP.doc
2002.09.11 15:00 B c:\SU\CSE681\code\demo C#, managed C++\managedCPP\WS_FTP.LOG --> ftp.ecs.syr.edu /faculty/fawcett/handouts/SWMod&Anal/code/demo C#, managed C++/managedCPP WS_FTP.LOG
2002.09.18 14:54 B c:\SU\CSE681\code\demo C#, managed C++\managedCPP\AssemblyInfo.cpp --> ftp.ecs.syr.edu /faculty/fawcett/handouts/SWMod&Anal/Lecture4/code/demo C#, managed C++/managedCPP AssemblyInfo.cpp
2002.09.18 14:54 B c:\SU\CSE681\code\demo C#, managed C++\managedCPP\buildNet.bat --> ftp.ecs.syr.edu /faculty/fawcett/handouts/SWMod&Anal/Lecture4/code/demo C#, managed C++/managedCPP buildNet.bat
2002.09.18 14:54 B c:\SU\CSE681\code\demo C#, managed C++\managedCPP\CmdLnArgs.doc --> ftp.ecs.syr.edu /faculty/fawcett/handouts/SWMod&Anal/Lecture4/code/demo C#, managed C++/managedCPP CmdLnArgs.doc
2002.09.18 14:54 B c:\SU\CSE681\code\demo C#, managed C++\managedCPP\managedCPP.cpp --> ftp.ecs.syr.edu /faculty/fawcett/handouts/SWMod&Anal/Lecture4/code/demo C#, managed C++/managedCPP managedCPP.cpp
2002.09.18 14:54 B c:\SU\CSE681\code\demo C#, managed C++\managedCPP\managedCPP.doc --> ftp.ecs.syr.edu /faculty/fawcett/handouts/SWMod&Anal/Lecture4/code/demo C#, managed C++/managedCPP managedCPP.doc
2002.09.18 14:54 B c:\SU\CSE681\code\demo C#, managed C++\managedCPP\managedCPP.vcproj --> ftp.ecs.syr.edu /faculty/fawcett/handouts/SWMod&Anal/Lecture4/code/demo C#, managed C++/managedCPP managedCPP.vcproj
2002.09.18 14:54 B c:\SU\CSE681\code\demo C#, managed C++\managedCPP\ReadMe.txt --> ftp.ecs.syr.edu /faculty/fawcett/handouts/SWMod&Anal/Lecture4/code/demo C#, managed C++/managedCPP ReadMe.txt
2002.09.18 14:54 B c:\SU\CSE681\code\demo C#, managed C++\managedCPP\stdafx.cpp --> ftp.ecs.syr.edu /faculty/fawcett/handouts/SWMod&Anal/Lecture4/code/demo C#, managed C++/managedCPP stdafx.cpp
2002.09.18 14:54 B c:\SU\CSE681\code\demo C#, managed C++\managedCPP\stdafx.h --> ftp.ecs.syr.edu /faculty/fawcett/handouts/SWMod&Anal/Lecture4/code/demo C#, managed C++/managedCPP stdafx.h
2002.09.18 14:54 B c:\SU\CSE681\code\demo C#, managed C++\managedCPP\TopReader.cpp --> ftp.ecs.syr.edu /faculty/fawcett/handouts/SWMod&Anal/Lecture4/code/demo C#, managed C++/managedCPP TopReader.cpp
2002.09.18 14:54 B c:\SU\CSE681\code\demo C#, managed C++\managedCPP\TopReader.h --> ftp.ecs.syr.edu /faculty/fawcett/handouts/SWMod&Anal/Lecture4/code/demo C#, managed C++/managedCPP TopReader.h
2002.09.18 14:54 B c:\SU\CSE681\code\demo C#, managed C++\managedCPP\WS_FTP.LOG --> ftp.ecs.syr.edu /faculty/fawcett/handouts/SWMod&Anal/Lecture4/code/demo C#, managed C++/managedCPP WS_FTP.LOG
2002.09.18 15:03 B c:\SU\CSE681\code\demo C#, managed C++\managedCPP\WS_FTP.LOG --> ftp.ecs.syr.edu /faculty/fawcett/handouts/SWMod&Anal/Lecture4/code/demo C#, managed C++/managedCPP WS_FTP.LOG
2004.07.26 10:49 B C:\SU\CSE681\code\reflection\managedCPP\AssemblyInfo.cpp --> ftp.ecs.syr.edu /faculty/fawcett/handouts/CoreTechnologies/C#/reflection/managedCPP AssemblyInfo.cpp
2004.07.26 10:49 B C:\SU\CSE681\code\reflection\managedCPP\buildNet.bat --> ftp.ecs.syr.edu /faculty/fawcett/handouts/CoreTechnologies/C#/reflection/managedCPP buildNet.bat
2004.07.26 10:49 B C:\SU\CSE681\code\reflection\managedCPP\CmdLnArgs.doc --> ftp.ecs.syr.edu /faculty/fawcett/handouts/CoreTechnologies/C#/reflection/managedCPP CmdLnArgs.doc
2004.07.26 10:49 B C:\SU\CSE681\code\reflection\managedCPP\managedCPP.cpp --> ftp.ecs.syr.edu /faculty/fawcett/handouts/CoreTechnologies/C#/reflection/managedCPP managedCPP.cpp
2004.07.26 10:49 B C:\SU\CSE681\code\reflection\managedCPP\managedCPP.doc --> ftp.ecs.syr.edu /faculty/fawcett/handouts/CoreTechnologies/C#/reflection/managedCPP managedCPP.doc
2004.07.26 10:49 B C:\SU\CSE681\code\reflection\managedCPP\managedCPP.vcproj --> ftp.ecs.syr.edu /faculty/fawcett/handouts/CoreTechnologies/C#/reflection/managedCPP managedCPP.vcproj
2004.07.26 10:49 B C:\SU\CSE681\code\reflection\managedCPP\managedCPP.vcproj.old --> ftp.ecs.syr.edu /faculty/fawcett/handouts/CoreTechnologies/C#/reflection/managedCPP managedCPP.vcproj.old
2004.07.26 10:49 B C:\SU\CSE681\code\reflection\managedCPP\ReadMe.txt --> ftp.ecs.syr.edu /faculty/fawcett/handouts/CoreTechnologies/C#/reflection/managedCPP ReadMe.txt
2004.07.26 10:49 B C:\SU\CSE681\code\reflection\managedCPP\stdafx.cpp --> ftp.ecs.syr.edu /faculty/fawcett/handouts/CoreTechnologies/C#/reflection/managedCPP stdafx.cpp
2004.07.26 10:49 B C:\SU\CSE681\code\reflection\managedCPP\stdafx.h --> ftp.ecs.syr.edu /faculty/fawcett/handouts/CoreTechnologies/C#/reflection/managedCPP stdafx.h
2004.07.26 10:49 B C:\SU\CSE681\code\reflection\managedCPP\TopReader.cpp --> ftp.ecs.syr.edu /faculty/fawcett/handouts/CoreTechnologies/C#/reflection/managedCPP TopReader.cpp
2004.07.26 10:49 B C:\SU\CSE681\code\reflection\managedCPP\TopReader.h --> ftp.ecs.syr.edu /faculty/fawcett/handouts/CoreTechnologies/C#/reflection/managedCPP TopReader.h
2004.07.26 14:25 B C:\SU\CoreTechnologies\C#\reflection\managedCPP\WS_FTP.LOG <-- SU /faculty/fawcett/handouts/CoreTechnologies/C#/reflection/managedCPP WS_FTP.LOG
